[    0.000000] Initializing cgroup subsys cpuset
[    0.000000] Initializing cgroup subsys cpu
[    0.000000] Initializing cgroup subsys cpuacct
[    0.000000] Linux version 4.4.0-210-generic (buildd@lgw01-amd64-009) (gcc version 5.4.0 20160609 (Ubuntu 5.4.0-6ubuntu1~16.04.12) ) #242-Ubuntu SMP Fri Apr 16 09:57:56 UTC 2021 (Ubuntu 4.4.0-210.242-generic 4.4.262)
[    0.000000] Command line: BOOT_IMAGE=/boot/vmlinuz-4.4.0-210-generic root=LABEL=cloudimg-rootfs ro console=tty1 console=ttyS0
[    0.000000] KERNEL supported cpus:
[    0.000000]   Intel GenuineIntel
[    0.000000]   AMD AuthenticAMD
[    0.000000]   Centaur CentaurHauls
[    0.000000] x86/fpu: Legacy x87 FPU detected.
[    0.000000] e820: BIOS-provided physical RAM map:
[    0.000000] BIOS-e820: [mem 0x0000000000000000-0x000000000009fbff] usable
[    0.000000] BIOS-e820: [mem 0x000000000009fc00-0x000000000009ffff] reserved
[    0.000000] BIOS-e820: [mem 0x00000000000f0000-0x00000000000fffff] reserved
[    0.000000] BIOS-e820: [mem 0x0000000000100000-0x000000003ffeffff] usable
[    0.000000] BIOS-e820: [mem 0x000000003fff0000-0x000000003fffffff] ACPI data
[    0.000000] BIOS-e820: [mem 0x00000000fec00000-0x00000000fec00fff] reserved
[    0.000000] BIOS-e820: [mem 0x00000000fee00000-0x00000000fee00fff] reserved
[    0.000000] BIOS-e820: [mem 0x00000000fffc0000-0x00000000ffffffff] reserved
[    0.000000] NX (Execute Disable) protection: active
[    0.000000] SMBIOS 2.5 present.
[    0.000000] Hypervisor detected: KVM
[    0.000000] e820: last_pfn = 0x3fff0 max_arch_pfn = 0x400000000
[    0.000000] MTRR: Disabled
[    0.000000] x86/PAT: MTRRs disabled, skipping PAT initialization too.
[    0.000000] CPU MTRRs all blank - virtualized system.
[    0.000000] x86/PAT: Configuration [0-7]: WB  WT  UC- UC  WB  WT  UC- UC  
[    0.000000] found SMP MP-table at [mem 0x0009fff0-0x0009ffff] mapped at [ffff88000009fff0]
[    0.000000] Scanning 1 areas for low memory corruption
[    0.000000] RAMDISK: [mem 0x362dc000-0x37165fff]
[    0.000000] ACPI: Early table checksum verification disabled
[    0.000000] ACPI: RSDP 0x00000000000E0000 000024 (v02 VBOX  )
[    0.000000] ACPI: XSDT 0x000000003FFF0030 00003C (v01 VBOX   VBOXXSDT 00000001 ASL  00000061)
[    0.000000] ACPI: FACP 0x000000003FFF00F0 0000F4 (v04 VBOX   VBOXFACP 00000001 ASL  00000061)
[    0.000000] ACPI: DSDT 0x000000003FFF0610 002353 (v02 VBOX   VBOXBIOS 00000002 INTL 20100528)
[    0.000000] ACPI: FACS 0x000000003FFF0200 000040
[    0.000000] ACPI: FACS 0x000000003FFF0200 000040
[    0.000000] ACPI: APIC 0x000000003FFF0240 00005C (v02 VBOX   VBOXAPIC 00000001 ASL  00000061)
[    0.000000] ACPI: SSDT 0x000000003FFF02A0 00036C (v01 VBOX   VBOXCPUT 00000002 INTL 20100528)
[    0.000000] No NUMA configuration found
[    0.000000] Faking a node at [mem 0x0000000000000000-0x000000003ffeffff]
[    0.000000] NODE_DATA(0) allocated [mem 0x3ffeb000-0x3ffeffff]
[    0.000000] kvm-clock: Using msrs 4b564d01 and 4b564d00
[    0.000000] kvm-clock: cpu 0, msr 0:3ffe3001, primary cpu clock
[    0.000000] kvm-clock: using sched offset of 3996570317 cycles
[    0.000000] clocksource: kvm-clock: mask: 0xffffffffffffffff max_cycles: 0x1cd42e4dffb, max_idle_ns: 881590591483 ns
[    0.000000] Zone ranges:
[    0.000000]   DMA      [mem 0x0000000000001000-0x0000000000ffffff]
[    0.000000]   DMA32    [mem 0x0000000001000000-0x000000003ffeffff]
[    0.000000]   Normal   empty
[    0.000000]   Device   empty
[    0.000000] Movable zone start for each node
[    0.000000] Early memory node ranges
[    0.000000]   node   0: [mem 0x0000000000001000-0x000000000009efff]
[    0.000000]   node   0: [mem 0x0000000000100000-0x000000003ffeffff]
[    0.000000] Initmem setup node 0 [mem 0x0000000000001000-0x000000003ffeffff]
[    0.000000] ACPI: PM-Timer IO Port: 0x4008
[    0.000000] IOAPIC[0]: apic_id 2, version 32, address 0xfec00000, GSI 0-23
[    0.000000] ACPI: INT_SRC_OVR (bus 0 bus_irq 0 global_irq 2 dfl dfl)
[    0.000000] ACPI: INT_SRC_OVR (bus 0 bus_irq 9 global_irq 9 low level)
[    0.000000] Using ACPI (MADT) for SMP configuration information
[    0.000000] smpboot: Allowing 2 CPUs, 0 hotplug CPUs
[    0.000000] PM: Registered nosave memory: [mem 0x00000000-0x00000fff]
[    0.000000] PM: Registered nosave memory: [mem 0x0009f000-0x0009ffff]
[    0.000000] PM: Registered nosave memory: [mem 0x000a0000-0x000effff]
[    0.000000] PM: Registered nosave memory: [mem 0x000f0000-0x000fffff]
[    0.000000] e820: [mem 0x40000000-0xfebfffff] available for PCI devices
[    0.000000] Booting paravirtualized kernel on KVM
[    0.000000] clocksource: refined-jiffies: mask: 0xffffffff max_cycles: 0xffffffff, max_idle_ns: 7645519600211568 ns
[    0.000000] setup_percpu: NR_CPUS:512 nr_cpumask_bits:512 nr_cpu_ids:2 nr_node_ids:1
[    0.000000] PERCPU: Embedded 33 pages/cpu @ffff88003fc00000 s95192 r8192 d31784 u1048576
[    0.000000] Built 1 zonelists in Node order, mobility grouping on.  Total pages: 257912
[    0.000000] Policy zone: DMA32
[    0.000000] Kernel command line: BOOT_IMAGE=/boot/vmlinuz-4.4.0-210-generic root=LABEL=cloudimg-rootfs ro console=tty1 console=ttyS0
[    0.000000] PID hash table entries: 4096 (order: 3, 32768 bytes)
[    0.000000] Memory: 997792K/1048120K available (8644K kernel code, 1332K rwdata, 4044K rodata, 1492K init, 1164K bss, 50328K reserved, 0K cma-reserved)
[    0.000000] SLUB: HWalign=64, Order=0-3, MinObjects=0, CPUs=2, Nodes=1
[    0.000000] Kernel/User page tables isolation: enabled
[    0.000000] Hierarchical RCU implementation.
[    0.000000] 	Build-time adjustment of leaf fanout to 64.
[    0.000000] 	RCU restricting CPUs from NR_CPUS=512 to nr_cpu_ids=2.
[    0.000000] RCU: Adjusting geometry for rcu_fanout_leaf=64, nr_cpu_ids=2
[    0.000000] NR_IRQS:33024 nr_irqs:440 16
[    0.000000] Console: colour VGA+ 80x25
[    0.000000] console [tty1] enabled
[    0.000000] console [ttyS0] enabled
[    0.000000] tsc: Detected 3292.064 MHz processor
[    0.775172] Calibrating delay loop (skipped) preset value.. 6584.12 BogoMIPS (lpj=13168256)
[    0.787799] pid_max: default: 32768 minimum: 301
[    0.796288] ACPI: Core revision 20150930
[    0.803334] ACPI: 2 ACPI AML tables successfully acquired and loaded
[    0.812662] Security Framework initialized
[    0.819972] Yama: becoming mindful.
[    0.825479] AppArmor: AppArmor initialized
[    0.834519] Dentry cache hash table entries: 131072 (order: 8, 1048576 bytes)
[    0.850143] Inode-cache hash table entries: 65536 (order: 7, 524288 bytes)
[    0.862103] Mount-cache hash table entries: 2048 (order: 2, 16384 bytes)
[    0.871889] Mountpoint-cache hash table entries: 2048 (order: 2, 16384 bytes)
[    0.886510] Initializing cgroup subsys io
[    0.891820] Initializing cgroup subsys memory
[    0.898438] Initializing cgroup subsys devices
[    0.903834] Initializing cgroup subsys freezer
[    0.910693] Initializing cgroup subsys net_cls
[    0.916083] Initializing cgroup subsys perf_event
[    0.923228] Initializing cgroup subsys net_prio
[    0.929084] Initializing cgroup subsys hugetlb
[    0.937841] Initializing cgroup subsys pids
[    0.945257] mce: CPU supports 0 MCE banks
[    0.950446] Last level iTLB entries: 4KB 512, 2MB 8, 4MB 8
[    0.957825] Last level dTLB entries: 4KB 512, 2MB 0, 4MB 0, 1GB 4
[    0.965366] Spectre V1 : Mitigation: usercopy/swapgs barriers and __user pointer sanitization
[    0.977516] Spectre V2 : Mitigation: Full generic retpoline
[    0.983873] Spectre V2 : Spectre v2 / SpectreRSB mitigation: Filling RSB on context switch
[    0.998956] Speculative Store Bypass: Vulnerable
[    1.005947] MDS: Mitigation: Clear CPU buffers
[    1.088245] Freeing SMP alternatives memory: 36K
[    1.243630] ftrace: allocating 32380 entries in 127 pages
[    2.255338] smpboot: APIC(0) Converting physical 0 to logical package 0
[    2.266483] smpboot: Max logical packages: 1
[    2.289080] ..TIMER: vector=0x30 apic1=0 pin1=2 apic2=-1 pin2=-1
[    2.405860] smpboot: CPU0: Intel(R) Xeon(R) CPU E5-2667 v2 @ 3.30GHz (family: 0x6, model: 0x3e, stepping: 0x4)
[    2.419865] Performance Events: unsupported p6 CPU model 62 no PMU driver, software events only.
[    2.579963] KVM setup paravirtual spinlock
[    2.587242] x86: Booting SMP configuration:
[    2.592020] .... node  #0, CPUs:      #1
[    2.598360] kvm-clock: cpu 1, msr 0:3ffe3041, secondary cpu clock
[    2.605317] mce: CPU supports 0 MCE banks
[    2.609968] TSC synchronization [CPU#0 -> CPU#1]:
[    2.615526] Measured 78965 cycles TSC warp between CPUs, turning off TSC clock.
[    2.623779] tsc: Marking TSC unstable due to check_tsc_sync_source failed
[    0.724739] x86: Booted up 1 node, 2 CPUs
[    0.728004] smpboot: Total of 2 processors activated (13168.25 BogoMIPS)
[    0.736769] devtmpfs: initialized
[    0.744537] evm: security.selinux
[    0.748006] evm: security.SMACK64
[    0.752003] evm: security.SMACK64EXEC
[    0.756003] evm: security.SMACK64TRANSMUTE
[    0.760002] evm: security.SMACK64MMAP
[    0.764005] evm: security.ima
[    0.768002] evm: security.capability
[    0.776307] clocksource: jiffies: mask: 0xffffffff max_cycles: 0xffffffff, max_idle_ns: 7645041785100000 ns
[    0.780011] futex hash table entries: 512 (order: 3, 32768 bytes)
[    0.784472] pinctrl core: initialized pinctrl subsystem
[    0.788452] RTC time: 13:48:02, date: 06/05/23
[    0.796744] NET: Registered protocol family 16
[    0.812009] cpuidle: using governor ladder
[    0.828008] cpuidle: using governor menu
[    0.832167] PCCT header not found.
[    0.836108] ACPI: bus type PCI registered
[    0.840003] acpiphp: ACPI Hot Plug PCI Controller Driver version: 0.5
[    0.844630] PCI: Using configuration type 1 for base access
[    0.868286] ACPI: Added _OSI(Module Device)
[    0.872004] ACPI: Added _OSI(Processor Device)
[    0.876003] ACPI: Added _OSI(3.0 _SCP Extensions)
[    0.880003] ACPI: Added _OSI(Processor Aggregator Device)
[    0.885537] ACPI: Executed 1 blocks of module-level executable AML code
[    0.898951] ACPI: Interpreter enabled
[    0.900016] ACPI: (supports S0 S5)
[    0.904003] ACPI: Using IOAPIC for interrupt routing
[    0.908471] PCI: Using host bridge windows from ACPI; if necessary, use "pci=nocrs" and report a bug
[    0.923396] ACPI: PCI Root Bridge [PCI0] (domain 0000 [bus 00-ff])
[    0.924009] acpi PNP0A03:00: _OSC: OS supports [ASPM ClockPM Segments MSI]
[    0.932873] acpi PNP0A03:00: _OSC: not requesting OS control; OS requires [ExtendedConfig ASPM ClockPM MSI]
[    0.936017] acpi PNP0A03:00: fail to add MMCONFIG information, can't access extended PCI configuration space under this bridge.
[    0.945006] PCI host bridge to bus 0000:00
[    0.948006] pci_bus 0000:00: root bus resource [io  0x0000-0x0cf7 window]
[    0.952006] pci_bus 0000:00: root bus resource [io  0x0d00-0xffff window]
[    0.956006] pci_bus 0000:00: root bus resource [mem 0x000a0000-0x000bffff window]
[    0.960006] pci_bus 0000:00: root bus resource [mem 0x40000000-0xfdffffff window]
[    0.964006] pci_bus 0000:00: root bus resource [bus 00-ff]
[    0.977664] pci 0000:00:01.1: legacy IDE quirk: reg 0x10: [io  0x01f0-0x01f7]
[    0.980004] pci 0000:00:01.1: legacy IDE quirk: reg 0x14: [io  0x03f6]
[    0.984003] pci 0000:00:01.1: legacy IDE quirk: reg 0x18: [io  0x0170-0x0177]
[    0.988005] pci 0000:00:01.1: legacy IDE quirk: reg 0x1c: [io  0x0376]
[    1.021012] pci 0000:00:07.0: quirk: [io  0x4000-0x403f] claimed by PIIX4 ACPI
[    1.024050] pci 0000:00:07.0: quirk: [io  0x4100-0x410f] claimed by PIIX4 SMB
[    1.044411] ACPI: PCI Interrupt Link [LNKA] (IRQs 5 9 10 *11)
[    1.060252] ACPI: PCI Interrupt Link [LNKB] (IRQs 5 9 *10 11)
[    1.068000] ACPI: PCI Interrupt Link [LNKC] (IRQs 5 *9 10 11)
[    1.072000] ACPI: PCI Interrupt Link [LNKD] (IRQs 5 9 10 *11)
[    1.079668] ACPI: Enabled 2 GPEs in block 00 to 07
[    1.080296] vgaarb: setting as boot device: PCI:0000:00:02.0
[    1.084000] vgaarb: device added: PCI:0000:00:02.0,decodes=io+mem,owns=io+mem,locks=none
[    1.084008] vgaarb: loaded
[    1.088003] vgaarb: bridge control possible 0000:00:02.0
[    1.092528] SCSI subsystem initialized
[    1.100204] ACPI: bus type USB registered
[    1.104021] usbcore: registered new interface driver usbfs
[    1.108035] usbcore: registered new interface driver hub
[    1.112057] usbcore: registered new device driver usb
[    1.120653] PCI: Using ACPI for IRQ routing
[    1.128267] NetLabel: Initializing
[    1.132002] NetLabel:  domain hash size = 128
[    1.136002] NetLabel:  protocols = UNLABELED CIPSOv4
[    1.140012] NetLabel:  unlabeled traffic allowed by default
[    1.144216] amd_nb: Cannot enumerate AMD northbridges
[    1.148415] clocksource: Switched to clocksource kvm-clock
[    1.183229] AppArmor: AppArmor Filesystem Enabled
[    1.183229] pnp: PnP ACPI init
[    1.183229] pnp: PnP ACPI: found 3 devices
[    1.258358] clocksource: acpi_pm: mask: 0xffffff max_cycles: 0xffffff, max_idle_ns: 2085701024 ns
[    1.260522] NET: Registered protocol family 2
[    1.274440] TCP established hash table entries: 8192 (order: 4, 65536 bytes)
[    1.282778] TCP bind hash table entries: 8192 (order: 5, 131072 bytes)
[    1.286424] TCP: Hash tables configured (established 8192 bind 8192)
[    1.286424] UDP hash table entries: 512 (order: 2, 16384 bytes)
[    1.286424] UDP-Lite hash table entries: 512 (order: 2, 16384 bytes)
[    1.286424] NET: Registered protocol family 1
[    1.286424] pci 0000:00:00.0: Limiting direct PCI/PCI transfers
[    1.286424] pci 0000:00:01.0: Activating ISA DMA hang workarounds
[    1.286424] Unpacking initramfs...
[    1.286424] Freeing initrd memory: 14888K
[    1.286424] RAPL PMU detected, API unit is 2^-32 Joules, 3 fixed counters 10737418240 ms ovfl timer
[    1.286424] hw unit of domain pp0-core 2^-0 Joules
[    1.286424] hw unit of domain package 2^-0 Joules
[    1.286424] hw unit of domain dram 2^-0 Joules
[    1.286424] clocksource: tsc: mask: 0xffffffffffffffff max_cycles: 0x2f740365dde, max_idle_ns: 440795326451 ns
[    1.286424] platform rtc_cmos: registered platform RTC device (no PNP device found)
[    1.286424] Scanning for low memory corruption every 60 seconds
[    1.775647] audit: initializing netlink subsys (disabled)
[    1.784873] audit: type=2000 audit(1685972887.828:1): initialized
[    1.793153] Initialise system trusted keyring
[    1.799806] HugeTLB registered 2 MB page size, pre-allocated 0 pages
[    1.809555] zbud: loaded
[    1.813943] VFS: Disk quotas dquot_6.6.0
[    1.818604] VFS: Dquot-cache hash table entries: 512 (order 0, 4096 bytes)
[    1.826779] squashfs: version 4.0 (2009/01/31) Phillip Lougher
[    1.834901] fuse init (API version 7.23)
[    1.840598] Key type big_key registered
[    1.845266] Allocating IMA MOK and blacklist keyrings.
[    1.867037] Key type asymmetric registered
[    1.871755] Asymmetric key parser 'x509' registered
[    1.877252] Block layer SCSI generic (bsg) driver version 0.4 loaded (major 249)
[    1.886630] io scheduler noop registered
[    1.891211] io scheduler deadline registered (default)
[    1.897219] io scheduler cfq registered
[    1.901959] pci_hotplug: PCI Hot Plug PCI Core version: 0.5
[    1.908106] pciehp: PCI Express Hot Plug Controller Driver version: 0.4
[    1.915430] ACPI: AC Adapter [AC] (on-line)
[    1.920502] input: Power Button as /devices/LNXSYSTM:00/LNXPWRBN:00/input/input0
[    1.929204] ACPI: Power Button [PWRF]
[    1.933664] input: Sleep Button as /devices/LNXSYSTM:00/LNXSLPBN:00/input/input1
[    1.942270] ACPI: Sleep Button [SLPF]
[    1.947714] GHES: HEST is not enabled!
[    1.952849] Serial: 8250/16550 driver, 32 ports, IRQ sharing enabled
[    1.987416] 00:02: ttyS0 at I/O 0x3f8 (irq = 4, base_baud = 115200) is a 16550A
[    2.015884] Linux agpgart interface v0.103
[    2.034889] loop: module loaded
[    2.041383] scsi host0: ata_piix
[    2.045982] scsi host1: ata_piix
[    2.049787] ata1: PATA max UDMA/33 cmd 0x1f0 ctl 0x3f6 bmdma 0xd000 irq 14
[    2.049931] ata2: PATA max UDMA/33 cmd 0x170 ctl 0x376 bmdma 0xd008 irq 15
[    2.065405] libphy: Fixed MDIO Bus: probed
[    2.070614] tun: Universal TUN/TAP device driver, 1.6
[    2.076529] tun: (C) 1999-2004 Max Krasnyansky <maxk@qualcomm.com>
[    2.084665] PPP generic driver version 2.4.2
[    2.090114] ehci_hcd: USB 2.0 'Enhanced' Host Controller (EHCI) Driver
[    2.097640] ehci-pci: EHCI PCI platform driver
[    2.102963] ehci-platform: EHCI generic platform driver
[    2.109176] ohci_hcd: USB 1.1 'Open' Host Controller (OHCI) Driver
[    2.116240] ohci-pci: OHCI PCI platform driver
[    2.121450] ohci-platform: OHCI generic platform driver
[    2.127567] uhci_hcd: USB Universal Host Controller Interface driver
[    2.134879] i8042: PNP: PS/2 Controller [PNP0303:PS2K,PNP0f03:PS2M] at 0x60,0x64 irq 1,12
[    2.148373] serio: i8042 KBD port at 0x60,0x64 irq 1
[    2.154181] serio: i8042 AUX port at 0x60,0x64 irq 12
[    2.160827] mousedev: PS/2 mouse device common for all mice
[    2.172461] rtc_cmos rtc_cmos: rtc core: registered rtc_cmos as rtc0
[    2.180669] rtc_cmos rtc_cmos: alarms up to one day, 114 bytes nvram
[    2.188033] i2c /dev entries driver
[    2.192332] device-mapper: uevent: version 1.0.3
[    2.198382] device-mapper: ioctl: 4.34.0-ioctl (2015-10-28) initialised: dm-devel@redhat.com
[    2.208574] ledtrig-cpu: registered to indicate activity on CPUs
[    2.220265] input: AT Translated Set 2 keyboard as /devices/platform/i8042/serio0/input/input2
[    2.288702] NET: Registered protocol family 10
[    2.297462] NET: Registered protocol family 17
[    2.306336] Key type dns_resolver registered
[    2.313002] registered taskstats version 1
[    2.318378] Loading compiled-in X.509 certificates
[    2.325085] Loaded X.509 cert 'Build time autogenerated kernel key: cf00e047681d67edb2720680708b7d9498083038'
[    2.336386] zswap: loaded using pool lzo/zbud
[    2.346676] Key type trusted registered
[    2.361182] Key type encrypted registered
[    2.366486] AppArmor: AppArmor sha1 policy hashing enabled
[    2.373001] ima: No TPM chip found, activating TPM-bypass!
[    2.379418] ima: Allocated hash algorithm: sha1
[    2.385568] evm: HMAC attrs: 0x1
[    2.391367]   Magic number: 11:540:836
[    2.396999] rtc_cmos rtc_cmos: setting system clock to 2023-06-05 13:48:04 UTC (1685972884)
[    2.406780] BIOS EDD facility v0.16 2004-Jun-25, 0 devices found
[    2.414659] EDD information not available.
[    2.422863] Freeing unused kernel memory: 1492K
[    2.440616] Write protecting the kernel read-only data: 14336k
[    2.449396] Freeing unused kernel memory: 1584K
[    2.455550] Freeing unused kernel memory: 52K
Loading, please wait...
starting version 229
[    2.492057] random: systemd-udevd: uninitialized urandom read (16 bytes read, 6 bits of entropy available)
[    2.497992] random: udevadm: uninitialized urandom read (16 bytes read, 6 bits of entropy available)
[    2.498017] random: udevadm: uninitialized urandom read (16 bytes read, 6 bits of entropy available)
[    2.517925] random: udevadm: uninitialized urandom read (16 bytes read, 6 bits of entropy available)
[    2.517971] random: udevadm: uninitialized urandom read (16 bytes read, 6 bits of entropy available)
[    2.518212] random: udevadm: uninitialized urandom read (16 bytes read, 6 bits of entropy available)
[    2.518307] random: udevadm: uninitialized urandom read (16 bytes read, 6 bits of entropy available)
[    2.518410] random: udevadm: uninitialized urandom read (16 bytes read, 6 bits of entropy available)
[    2.518537] random: udevadm: uninitialized urandom read (16 bytes read, 6 bits of entropy available)
[    2.518650] random: udevadm: uninitialized urandom read (16 bytes read, 6 bits of entropy available)
[    2.660617] e1000: Intel(R) PRO/1000 Network Driver - version 7.3.21-k8-NAPI
[    2.668728] e1000: Copyright (c) 1999-2006 Intel Corporation.
[    2.678076] Fusion MPT base driver 3.04.20
[    2.683571] Copyright (c) 1999-2008 LSI Corporation
[    2.726082] Fusion MPT SPI Host driver 3.04.20
[    2.783767] SSE version of gcm_enc/dec engaged.
[    3.016970] input: ImExPS/2 Generic Explorer Mouse as /devices/platform/i8042/serio1/input/input4
[    3.525125] e1000 0000:00:03.0 eth0: (PCI:33MHz:32-bit) 02:be:82:6b:cc:1d
[    3.533488] e1000 0000:00:03.0 eth0: Intel(R) PRO/1000 Network Connection
[    3.544543] mptbase: ioc0: Initiating bringup
[    3.627760] ioc0: LSI53C1030 A0: Capabilities={Initiator}
[    3.816246] scsi host2: ioc0: LSI53C1030 A0, FwRev=00000000h, Ports=1, MaxQ=256, IRQ=20
[    3.938048] scsi 2:0:0:0: Direct-Access     VBOX     HARDDISK         1.0  PQ: 0 ANSI: 5
[    3.948495] scsi target2:0:0: Beginning Domain Validation
[    3.963789] scsi target2:0:0: Domain Validation skipping write tests
[    3.971753] scsi target2:0:0: Ending Domain Validation
[    3.979310] scsi target2:0:0: asynchronous
[    3.994713] scsi 2:0:1:0: Direct-Access     VBOX     HARDDISK         1.0  PQ: 0 ANSI: 5
[    4.005448] scsi target2:0:1: Beginning Domain Validation
[    4.021784] scsi target2:0:1: Domain Validation skipping write tests
[    4.030077] scsi target2:0:1: Ending Domain Validation
[    4.037365] scsi target2:0:1: asynchronous
[    4.070008] sd 2:0:0:0: [sda] 83886080 512-byte logical blocks: (42.9 GB/40.0 GiB)
[    4.110271] sd 2:0:0:0: Attached scsi generic sg0 type 0
[    4.126022] sd 2:0:1:0: Attached scsi generic sg1 type 0
[    4.139615] sd 2:0:1:0: [sdb] 20480 512-byte logical blocks: (10.5 MB/10.0 MiB)
[    4.158414] sd 2:0:0:0: [sda] Write Protect is off
[    4.166543] sd 2:0:0:0: [sda] Incomplete mode parameter data
[    4.174233] sd 2:0:0:0: [sda] Assuming drive cache: write through
[    4.183400] sd 2:0:1:0: [sdb] Write Protect is off
[    4.193151] sd 2:0:1:0: [sdb] Incomplete mode parameter data
[    4.201749] sd 2:0:1:0: [sdb] Assuming drive cache: write through
[    4.225123]  sda: sda1
[    4.237932] sd 2:0:0:0: [sda] Attached SCSI disk
[    4.257838] sd 2:0:1:0: [sdb] Attached SCSI disk
[    4.851373] e1000 0000:00:08.0 eth1: (PCI:33MHz:32-bit) 08:00:27:4f:00:39
[    4.859591] e1000 0000:00:08.0 eth1: Intel(R) PRO/1000 Network Connection
[    4.875399] e1000 0000:00:03.0 enp0s3: renamed from eth0
[    4.897292] e1000 0000:00:08.0 enp0s8: renamed from eth1
Begin: Loading essential drivers ... [    6.669633] md: linear personality registered for level -1
[    6.681430] md: multipath personality registered for level -4
[    6.693306] md: raid0 personality registered for level 0
[    6.719630] md: raid1 personality registered for level 1
[    6.800564] raid6: sse2x1   gen()  8469 MB/s
[    6.872442] raid6: sse2x1   xor()  7076 MB/s
[    6.944099] raid6: sse2x2   gen() 10672 MB/s
[    7.017078] raid6: sse2x2   xor()  7604 MB/s
[    7.088768] raid6: sse2x4   gen() 12838 MB/s
[    7.160195] raid6: sse2x4   xor()  9676 MB/s
[    7.165341] raid6: using algorithm sse2x4 gen() 12838 MB/s
[    7.171349] raid6: .... xor() 9676 MB/s, rmw enabled
[    7.177039] raid6: using ssse3x2 recovery algorithm
[    7.186627] xor: measuring software checksum speed
[   12.038677]    prefetch64-sse: 68961.704 MB/sec
[   12.143430]    generic_sse: 43240.000 MB/sec
[   12.149079] xor: using function: prefetch64-sse (68961.704 MB/sec)
[   12.159458] async_tx: api initialized (async)
[   12.222792] md: raid6 personality registered for level 6
[   12.228894] md: raid5 personality registered for level 5
[   12.235125] md: raid4 personality registered for level 4
[   12.269198] md: raid10 personality registered for level 10
done.
Begin: Running /scripts/init-premount ... done.
Begin: Mounting root file system ... Begin: Running /scripts/local-top ... done.
Begin: Running /scripts/local-premount ... [   12.385170] Btrfs loaded
Scanning for Btrfs filesystems
done.
Warning: fsck not present, so skipping root file system
[   12.637788] EXT4-fs (sda1): mounted filesystem with ordered data mode. Opts: (null)
done.
Begin: Running /scripts/local-bottom ... done.
Begin: Running /scripts/init-bottom ... done.
[   12.902643] systemd[1]: systemd 229 running in system mode. (+PAM +AUDIT +SELINUX +IMA +APPARMOR +SMACK +SYSVINIT +UTMP +LIBCRYPTSETUP +GCRYPT +GNUTLS +ACL +XZ -LZ4 +SECCOMP +BLKID +ELFUTILS +KMOD -IDN)
[   12.921718] systemd[1]: Detected virtualization oracle.
[   12.927543] systemd[1]: Detected architecture x86-64.

Welcome to [1mUbuntu 16.04.7 LTS[0m!

[   12.944985] systemd[1]: Set hostname to <ubuntu>.
[   12.959369] systemd[1]: Initializing machine ID from random generator.
[   12.966948] systemd[1]: Installed transient /etc/machine-id file.
[   13.251380] systemd[1]: Set up automount Arbitrary Executable File Formats File System Automount Point.
[[0;32m  OK  [0m] Set up automount Arbitrary Executab...ats File System Automount Point.
[   13.267693] systemd[1]: Started Trigger resolvconf update for networkd DNS.
[[0;32m  OK  [0m] Started Trigger resolvconf update for networkd DNS.
[   13.281006] systemd[1]: Listening on Journal Audit Socket.
[[0;32m  OK  [0m] Listening on Journal Audit Socket.
[   13.291428] systemd[1]: Listening on Syslog Socket.
[[0;32m  OK  [0m] Listening on Syslog Socket.
[   13.300940] systemd[1]: Started Forward Password Requests to Wall Directory Watch.
[[0;32m  OK  [0m] Started Forward Password Requests to Wall Directory Watch.
[   13.315273] systemd[1]: Listening on udev Kernel Socket.
[[0;32m  OK  [0m] Listening on udev Kernel Socket.
[   13.325541] systemd[1]: Reached target System Time Synchronized.
[[0;32m  OK  [0m] Reached target System Time Synchronized.
[   13.337158] systemd[1]: Created slice User and Session Slice.
[[0;32m  OK  [0m] Created slice User and Session Slice.
[   13.348229] systemd[1]: Listening on /dev/initctl Compatibility Named Pipe.
[[0;32m  OK  [0m] Listening on /dev/initctl Compatibility Named Pipe.
[   13.361391] systemd[1]: Listening on LVM2 poll daemon socket.
[[0;32m  OK  [0m] Listening on LVM2 poll daemon socket.
[   13.372495] systemd[1]: Listening on Journal Socket (/dev/log).
[[0;32m  OK  [0m] Listening on Journal Socket (/dev/log).
[   13.383646] systemd[1]: Listening on Device-mapper event daemon FIFOs.
[[0;32m  OK  [0m] Listening on Device-mapper event daemon FIFOs.
[   13.395273] systemd[1]: Listening on udev Control Socket.
[[0;32m  OK  [0m] Listening on udev Control Socket.
[   13.405271] systemd[1]: Reached target Encrypted Volumes.
[[0;32m  OK  [0m] Reached target Encrypted Volumes.
[   13.415537] systemd[1]: Reached target Swap.
[[0;32m  OK  [0m] Reached target Swap.
[   13.423871] systemd[1]: Listening on Journal Socket.
[[0;32m  OK  [0m] Listening on Journal Socket.
[   13.433547] systemd[1]: Listening on fsck to fsckd communication Socket.
[[0;32m  OK  [0m] Listening on fsck to fsckd communication Socket.
[   13.445562] systemd[1]: Reached target User and Group Name Lookups.
[[0;32m  OK  [0m] Reached target User and Group Name Lookups.
[   13.456791] systemd[1]: Listening on LVM2 metadata daemon socket.
[[0;32m  OK  [0m] Listening on LVM2 metadata daemon socket.
[   13.467892] systemd[1]: Created slice System Slice.
[[0;32m  OK  [0m] Created slice System Slice.
[   13.665159] systemd[1]: Starting Load Kernel Modules...
         Starting Load Kernel Modules...
[   13.677314] systemd[1]: Mounting POSIX Message Queue File System...
         Mounting POSIX Message Queue File System...
[   13.689511] systemd[1]: Starting Nameserver information manager...
         Starting Nameserver information manager...
[   13.702171] systemd[1]: Reached target Slices.
[   13.709347] Loading iSCSI transport class v2.0-870.
[[0;32m  OK  [0m] Reached target Slices.
[   13.719371] systemd[1]: Starting Set console keymap...
         Starting Set console keymap...
[   13.738537] systemd[1]: Mounting Debug File System...
[   13.746602] iscsi: registered transport (tcp)
         Mounting Debug File System...
[   13.781629] systemd[1]: Starting Monitoring of LVM2 mirrors, snapshots etc. using dmeventd or progress polling...
         Starting Monitoring of LVM2 mirrors... dmeventd or progress polling...
[   13.815444] systemd[1]: Starting Create list of required static device nodes for the current kernel...
         Starting Create list of required st... nodes for the current kernel...
[   13.843777] systemd[1]: Starting Journal Service...
         Starting Journal Service...
[   13.896476] systemd[1]: Starting File System Check on Root Device...
         Starting File System Check on Root Device...
[   13.917416] systemd[1]: Mounting Huge Pages File System...
         Mounting Huge Pages File System...
[   13.941513] systemd[1]: Starting Uncomplicated firewall...
         Starting Uncomplicated firewall...
[   13.961810] systemd[1]: Created slice system-serial\x2dgetty.slice.
[   13.970067] iscsi: registered transport (iser)
[[0;32m  OK  [0m] Created slice system-serial\x2dgetty.slice.
[   13.993360] systemd[1]: Mounted Huge Pages File System.
[[0;32m  OK  [0m] Mounted Huge Pages File System.
[   14.003818] systemd[1]: Mounted POSIX Message Queue File System.
[[0;32m  OK  [0m] Mounted POSIX Message Queue File System.
[   14.015452] systemd[1]: Mounted Debug File System.
[[0;32m  OK  [0m] Mounted Debug File System.
[   14.026196] systemd[1]: Started Journal Service.
[[0;32m  OK  [0m] Started Journal Service.
[[0;32m  OK  [0m] Started Load Kernel Modules.
[[0;32m  OK  [0m] Started Set console keymap.
[[0;32m  OK  [0m] Started Create list of required sta...ce nodes for the current kernel.
[[0;32m  OK  [0m] Started File System Check on Root Device.
[[0;32m  OK  [0m] Started Uncomplicated firewall.
[[0;32m  OK  [0m] Started File System Check Daemon to report status.
[[0;32m  OK  [0m] Started LVM2 metadata daemon.
         Starting Remount Root and Kernel File Systems...
         Starting Create Static Device Nodes in /dev...
         Mounting FUSE Control File System...
         Starting Apply Kernel Variables...
[[0;32m  OK  [0m] Mounted FUSE Control File System.
[   14.230296] random: nonblocking pool is initialized
[[0;32m  OK  [0m] Started Nameserver information manager.
[[0;32m  OK  [0m] Started Remount Root and Kernel File Systems.
[[0;32m  OK  [0m] Started Apply Kernel Variables.
[[0;32m  OK  [0m] Started Create Static Device Nodes in /dev.
         Starting udev Kernel Device Manager...
         Starting Flush Journal to Persistent Storage...
         Starting Load/Save Random Seed...
         Starting udev Coldplug all Devices...
[[0;32m  OK  [0m] Started Load/Save Random Seed.
[[0;32m  OK  [0m] Started Flush Journal to Persistent Storage.
[[0;32m  OK  [0m] Started udev Kernel Device Manager.
[[0;32m  OK  [0m] Started udev Coldplug all Devices.
[[0;32m  OK  [0m] Started Dispatch Password Requests to Console Directory Watch.
[[0;32m  OK  [0m] Found device /dev/ttyS0.
[[0;32m  OK  [0m] Started Monitoring of LVM2 mirrors,...ng dmeventd or progress polling.
[[0;32m  OK  [0m] Listening on Load/Save RF Kill Switch Status /dev/rfkill Watch.
[[0;32m  OK  [0m] Reached target Local File Systems (Pre).
[[0;32m  OK  [0m] Reached target Local File Systems.
         Starting Create Volatile Files and Directories...
         Starting LSB: AppArmor initialization...
         Starting Initial cloud-init job (pre-networking)...
         Starting Set console font and keymap...
         Starting Commit a transient machine-id on disk...
         Starting Tell Plymouth To Write Out Runtime Data...
[[0;32m  OK  [0m] Started Create Volatile Files and Directories.
[[0;32m  OK  [0m] Started Commit a transient machine-id on disk.
[[0;32m  OK  [0m] Started Tell Plymouth To Write Out Runtime Data.
         Starting Update UTMP about System Boot/Shutdown...
[[0;32m  OK  [0m] Started Update UTMP about System Boot/Shutdown.
[[0;32m  OK  [0m] Started Set console font and keymap.
[[0;32m  OK  [0m] Created slice system-getty.slice.
[[0;32m  OK  [0m] Started LSB: AppArmor initialization.
         Starting Load AppArmor profiles managed internally by snapd...
[[0;32m  OK  [0m] Started Load AppArmor profiles managed internally by snapd.
[   18.269913] cloud-init[618]: Cloud-init v. 21.1-19-gbad84ad4-0ubuntu1~16.04.2 running 'init-local' at Mon, 05 Jun 2023 13:48:19 +0000. Up 17.53 seconds.
[[0;32m  OK  [0m] Started Initial cloud-init job (pre-networking).
[[0;32m  OK  [0m] Reached target Network (Pre).
         Starting Raise network interfaces...
[[0;32m  OK  [0m] Started Raise network interfaces.
         Starting Initial cloud-init job (metadata service crawler)...
[[0;32m  OK  [0m] Reached target Network.
[   20.727636] cloud-init[961]: Cloud-init v. 21.1-19-gbad84ad4-0ubuntu1~16.04.2 running 'init' at Mon, 05 Jun 2023 13:48:21 +0000. Up 19.39 seconds.
[   20.743375] cloud-init[961]: ci-info: ++++++++++++++++++++++++++++++++++++++Net device info+++++++++++++++++++++++++++++++++++++++
[   20.774426] cloud-init[961]: ci-info: +--------+-------+----------------------------+---------------+--------+-------------------+
[   20.785196] cloud-init[961]: ci-info: | Device |   Up  |          Address           |      Mask     | Scope  |     Hw-Address    |
[   20.803694] cloud-init[961]: ci-info: +--------+-------+----------------------------+---------------+--------+-------------------+
[   20.805878] cloud-init[961]: ci-info: | enp0s3 |  True |         10.0.2.15          | 255.255.255.0 | global | 02:be:82:6b:cc:1d |
[   20.805992] cloud-init[961]: ci-info: | enp0s3 |  True | fe80::be:82ff:fe6b:cc1d/64 |       .       |  link  | 02:be:82:6b:cc:1d |
[   20.808725] cloud-init[961]: ci-info: | enp0s8 | False |             .              |       .       |   .    | 08:00:27:4f:00:39 |
[   20.809208] cloud-init[961]: ci-info: |   lo   |  True |         127.0.0.1          |   255.0.0.0   |  host  |         .         |
[   20.809687] cloud-init[961]: ci-info: |   lo   |  True |          ::1/128           |       .       |  host  |         .         |
[   20.810144] cloud-init[961]: ci-info: +--------+-------+----------------------------+---------------+--------+-------------------+
[   20.810653] cloud-init[961]: ci-info: +++++++++++++++++++++++++++Route IPv4 info++++++++++++++++++++++++++++
[   20.811087] cloud-init[961]: ci-info: +-------+-------------+----------+---------------+-----------+-------+
[   20.811541] cloud-init[961]: ci-info: | Route | Destination | Gateway  |    Genmask    | Interface | Flags |
[   20.812008] cloud-init[961]: ci-info: +-------+-------------+----------+---------------+-----------+-------+
[   20.813016] cloud-init[961]: ci-info: |   0   |   0.0.0.0   | 10.0.2.2 |    0.0.0.0    |   enp0s3  |   UG  |
[   20.813481] cloud-init[961]: ci-info: |   1   |   10.0.2.0  | 0.0.0.0  | 255.255.255.0 |   enp0s3  |   U   |
[   20.813979] cloud-init[961]: ci-info: +-------+-------------+----------+---------------+-----------+-------+
[   20.814439] cloud-init[961]: ci-info: +++++++++++++++++++Route IPv6 info+++++++++++++++++++
[   20.814934] cloud-init[961]: ci-info: +-------+-------------+---------+-----------+-------+
[   20.815367] cloud-init[961]: ci-info: | Route | Destination | Gateway | Interface | Flags |
[   20.815908] cloud-init[961]: ci-info: +-------+-------------+---------+-----------+-------+
[   20.816903] cloud-init[961]: ci-info: |   0   |  fe80::/64  |    ::   |   enp0s3  |   U   |
[   20.817400] cloud-init[961]: ci-info: |   3   |   ff00::/8  |    ::   |   enp0s3  |   U   |
[   20.817850] cloud-init[961]: ci-info: +-------+-------------+---------+-----------+-------+
[   20.818284] cloud-init[961]: Generating public/private rsa key pair.
[   20.818766] cloud-init[961]: Your identification has been saved in /etc/ssh/ssh_host_rsa_key.
[   20.819242] cloud-init[961]: Your public key has been saved in /etc/ssh/ssh_host_rsa_key.pub.
[   20.819732] cloud-init[961]: The key fingerprint is:
[   20.820729] cloud-init[961]: SHA256:mFNYThmzxjAO46i6DuCn3Gv7RWwSu8qv5HgU8n6D5Qg root@ubuntu-xenial
[   20.821168] cloud-init[961]: The key's randomart image is:
[   20.821647] cloud-init[961]: +---[RSA 2048]----+
[   20.822091] cloud-init[961]: |    o o =o       |
[   20.822555] cloud-init[961]: |   o + O.o       |
[   20.823009] cloud-init[961]: |  . ..o *        |
[   20.823474] cloud-init[961]: | o .  +=         |
[   20.823930] cloud-init[961]: |o o .o++S        |
[   20.825136] cloud-init[961]: |+E o .=.         |
[   20.825621] cloud-init[961]: |o.+o=. .         |
[   20.826061] cloud-init[961]: |o.O*.+.          |
[   20.826590] cloud-init[961]: |o=oOBo.          |
[   20.827047] cloud-init[961]: +----[SHA256]-----+
[   20.827538] cloud-init[961]: Generating public/private dsa key pair.
[   20.827978] cloud-init[961]: Your identification has been saved in /etc/ssh/ssh_host_dsa_key.
[   20.828957] cloud-init[961]: Your public key has been saved in /etc/ssh/ssh_host_dsa_key.pub.
[   20.829438] cloud-init[961]: The key fingerprint is:
[   20.829956] cloud-init[961]: SHA256:1R2cq3o2sovEs71Uo0J++QLuNOCI44GySV6/dfNPSq4 root@ubuntu-xenial
[   20.830426] cloud-init[961]: The key's randomart image is:
[   20.830893] cloud-init[961]: +---[DSA 1024]----+
[   20.831340] cloud-init[961]: |             ... |
[   20.831798] cloud-init[961]: |           . .o. |
[   20.832760] cloud-init[961]: |          . . .. |
[   20.833212] cloud-init[961]: |         .    .  |
[   20.833673] cloud-init[961]: |      . S   o.   |
[   20.834123] cloud-init[961]: | . . o =.  +..   |
[   20.834585] cloud-init[961]: |o.+.. .oO+=o .   |
[   20.835043] cloud-init[961]: |++.o. .ooXO.*    |
[   20.835515] cloud-init[961]: |o..  o..+E*%oo   |
[   20.835952] cloud-init[961]: +----[SHA256]-----+
[   20.837013] cloud-init[961]: Generating public/private ecdsa key pair.
[   20.837497] cloud-init[961]: Your identification has been saved in /etc/ssh/ssh_host_ecdsa_key.
[   20.837929] cloud-init[961]: Your public key has been saved in /etc/ssh/ssh_host_ecdsa_key.pub.
[   20.838400] cloud-init[961]: The key fingerprint is:
[   20.838853] cloud-init[961]: SHA256:Oj16qwdL1+8RX+Pg4I+hMRX7FdnTdIq8qqD3CBMRAac root@ubuntu-xenial
[   20.839295] cloud-init[961]: The key's randomart image is:
[   20.839802] cloud-init[961]: +---[ECDSA 256]---+
[   20.840801] cloud-init[961]: |  ..+.          o|
[   20.841246] cloud-init[961]: |   o .     . . o=|
[   20.841697] cloud-init[961]: |  E .      .o .+o|
[   20.842171] cloud-init[961]: |     .      o.  o|
[   20.959072] cloud-init[961]: |    .   S. +o. o.|
[   20.959421] cloud-init[961]: |     .oo. +.+o+..|
[   20.959864] cloud-init[961]: |    o.++oo.+.o.. |
[   20.960825] cloud-init[961]: |     +o=oo+ =.   |
[   20.961279] cloud-init[961]: |    ..+=+o o..   |
[   20.961739] cloud-init[961]: +----[SHA256]-----+
[   20.962200] cloud-init[961]: Generating public/private ed25519 key pair.
[   20.962675] cloud-init[961]: Your identification has been saved in /etc/ssh/ssh_host_ed25519_key.
[   20.963167] cloud-init[961]: Your public key has been saved in /etc/ssh/ssh_host_ed25519_key.pub.
[   20.963683] cloud-init[961]: The key fingerprint is:
[   20.964913] cloud-init[961]: SHA256:fM8EoZb0otJDzFlygvk2rkpT7n5VJ6OOGEbXrxSXFOY root@ubuntu-xenial
[   20.965391] cloud-init[961]: The key's randomart image is:
[   20.965828] cloud-init[961]: +--[ED25519 256]--+
[   20.966288] cloud-init[961]: |     oo + +.     |
[   20.966748] cloud-init[961]: |    oo B *..     |
[   20.967400] cloud-init[961]: |     .=.=.E.     |
[   20.967667] cloud-init[961]: |    .o=+o.*..    |
[   20.968316] cloud-init[961]: |   .o++.S*.+.    |
[   20.968631] cloud-init[961]: |   oo...+..+     |
[   20.969084] cloud-init[961]: |  o..+ = .  o    |
[   20.969568] cloud-init[961]: | . oo o o        |
[   20.970042] cloud-init[961]: |  .oo.           |
[   20.970520] cloud-init[961]: +----[SHA256]-----+
[[0;32m  OK  [0m] Started Initial cloud-init job (metadata service crawler).
[[0;32m  OK  [0m] Reached target Cloud-config availability.
[[0;32m  OK  [0m] Reached target Network is Online.
         Starting iSCSI initiator daemon (iscsid)...
[[0;32m  OK  [0m] Reached target System Initialization.
[[0;32m  OK  [0m] Started Message of the Day.
[[0;32m  OK  [0m] Started Daily apt download activities.
[[0;32m  OK  [0m] Started ACPI Events Check.
[[0;32m  OK  [0m] Reached target Paths.
[[0;32m  OK  [0m] Started Daily Cleanup of Temporary Directories.
[[0;32m  OK  [0m] Listening on ACPID Listen Socket.
[[0;32m  OK  [0m] Started Daily apt upgrade and clean activities.
         Starting Socket activation for snappy daemon.
[[0;32m  OK  [0m] Listening on D-Bus System Message Bus Socket.
[[0;32m  OK  [0m] Started Ubuntu Advantage update messaging.
[[0;32m  OK  [0m] Reached target Timers.
         Starting LXD - unix socket.
[[0;32m  OK  [0m] Listening on UUID daemon activation socket.
[[0;32m  OK  [0m] Listening on Socket activation for snappy daemon.
[[0;32m  OK  [0m] Listening on LXD - unix socket.
[[0;32m  OK  [0m] Started iSCSI initiator daemon (iscsid).
         Starting Login to default iSCSI targets...
[[0;32m  OK  [0m] Reached target Sockets.
[[0;32m  OK  [0m] Reached target Basic System.
         Starting LXD - container startup/shutdown...
[[0;32m  OK  [0m] Started ACPI event daemon.
         Starting Pollinate to seed the pseudo random number generator...
[[0;32m  OK  [0m] Started Regular background program processing daemon.
         Starting System Logging Service...
         Starting /etc/rc.local Compatibility...
         Starting Login Service...
[[0;32m  OK  [0m] Started Deferred execution scheduler.
[[0;32m  OK  [0m] Started D-Bus System Message Bus.
         Starting Accounts Service...
[[0;32m  OK  [0m] Started FUSE filesystem for LXC.
         Starting LSB: Record successful boot for GRUB...
         Starting Virtualbox guest utils...
         Starting LSB: MD monitoring daemon...
         Starting Snap Daemon...
[[0;32m  OK  [0m] Started System Logging Service.
[[0;32m  OK  [0m] Started LXD - container startup/shutdown.
[[0;32m  OK  [0m] Started /etc/rc.local Compatibility.
[[0;32m  OK  [0m] Started Login Service.
[[0;32m  OK  [0m] Started Unattended Upgrades Shutdown.
         Starting Authenticate and Authorize Users to Run Privileged Tasks...
[[0;32m  OK  [0m] Started LSB: Record successful boot for GRUB.
[[0;32m  OK  [0m] Started Login to default iSCSI targets.
[[0;32m  OK  [0m] Reached target Remote File Systems (Pre).
[[0;32m  OK  [0m] Reached target Remote File Systems.
         Starting Permit User Sessions...
         Starting LSB: daemon to balance interrupts for SMP systems...
         Starting LSB: Set the CPU Frequency Scaling governor to "ondemand"...
         Starting LSB: automatic crash report generation...
[[0;32m  OK  [0m] Started LSB: MD monitoring daemon.
[[0;32m  OK  [0m] Started Permit User Sessions.
         Starting Terminate Plymouth Boot Screen...
         Starting Hold until boot process finishes up...
[[0;32m  OK  [0m] Started Terminate Plymouth Boot Screen.
[[0;32m  OK  [0m] Started Hold until boot process finishes up.
[[0;32m  OK  [0m] Started Authenticate and Authorize Users to Run Privileged Tasks.
[[0;32m  OK  [0m] Started Accounts Service.
         Starting Set console scheme...
[[0;32m  OK  [0m] Started Serial Getty on ttyS0.
[[0;32m  OK  [0m] Started Getty on tty1.
[[0;32m  OK  [0m] Reached target Login Prompts.
[[0;32m  OK  [0m] Started LSB: Set the CPU Frequency Scaling governor to "ondemand".
[[0;32m  OK  [0m] Started Set console scheme.
[[0;32m  OK  [0m] Started LSB: daemon to balance interrupts for SMP systems.
[[0;32m  OK  [0m] Started LSB: automatic crash report generation.
[[0;32m  OK  [0m] Started Virtualbox guest utils.
[[0;32m  OK  [0m] Started Snap Daemon.
         Starting Wait until snapd is fully seeded...
[[0;32m  OK  [0m] Started Pollinate to seed the pseudo random number generator.
         Starting OpenBSD Secure Shell server...
[[0;32m  OK  [0m] Started OpenBSD Secure Shell server.
[[0;32m  OK  [0m] Created slice User Slice of vagrant.
         Starting User Manager for UID 1000...
[[0;32m  OK  [0m] Started Session 1 of user vagrant.
[[0;32m  OK  [0m] Started User Manager for UID 1000.
[[0;32m  OK  [0m] Started Wait until snapd is fully seeded.
[[0;32m  OK  [0m] Reached target Multi-User System.
[[0;32m  OK  [0m] Reached target Graphical Interface.
         Starting Update UTMP about System Runlevel Changes...
         Starting Apply the settings specified in cloud-config...
[[0;32m  OK  [0m] Started Update UTMP about System Runlevel Changes.
[   27.483335] cloud-init[1410]: Generating locales (this might take a while)...

Ubuntu 16.04.7 LTS ubuntu-xenial ttyS0

ubuntu-xenial login: [   29.259754] cloud-init[1410]:   en_US.UTF-8... done
[   29.262271] cloud-init[1410]: Generation complete.
[   29.910623] cloud-init[1410]: Cloud-init v. 21.1-19-gbad84ad4-0ubuntu1~16.04.2 running 'modules:config' at Mon, 05 Jun 2023 13:48:29 +0000. Up 27.11 seconds.
ci-info: no authorized SSH keys fingerprints found for user ubuntu.
<14>Jun  5 13:48:32 ec2: 
<14>Jun  5 13:48:32 ec2: #############################################################
<14>Jun  5 13:48:32 ec2: -----BEGIN SSH HOST KEY FINGERPRINTS-----
<14>Jun  5 13:48:32 ec2: 1024 SHA256:1R2cq3o2sovEs71Uo0J++QLuNOCI44GySV6/dfNPSq4 root@ubuntu-xenial (DSA)
<14>Jun  5 13:48:32 ec2: 256 SHA256:Oj16qwdL1+8RX+Pg4I+hMRX7FdnTdIq8qqD3CBMRAac root@ubuntu-xenial (ECDSA)
<14>Jun  5 13:48:32 ec2: 256 SHA256:fM8EoZb0otJDzFlygvk2rkpT7n5VJ6OOGEbXrxSXFOY root@ubuntu-xenial (ED25519)
<14>Jun  5 13:48:32 ec2: 2048 SHA256:mFNYThmzxjAO46i6DuCn3Gv7RWwSu8qv5HgU8n6D5Qg root@ubuntu-xenial (RSA)
<14>Jun  5 13:48:32 ec2: -----END SSH HOST KEY FINGERPRINTS-----
<14>Jun  5 13:48:32 ec2: #############################################################
-----BEGIN SSH HOST KEY KEYS-----
ecdsa-sha2-nistp256 AAAAE2VjZHNhLXNoYTItbmlzdHAyNTYAAAAIbmlzdHAyNTYAAABBBOKGM+8aeArJiREcnpmE1G8V7DjUDZ/WSfVM7dW2LiJSByvXQiFGjlqzPOCaW6qRbw+SZE/QHqGs9R+zr8ZhIxw= root@ubuntu-xenial
ssh-ed25519 AAAAC3NzaC1lZDI1NTE5AAAAIAODZ1M3xbpCi4WsSFA8w/mz3g4UTRCmHcF0MRC/D3wp root@ubuntu-xenial
ssh-rsa AAAAB3NzaC1yc2EAAAADAQABAAABAQCz6W2dCR4bP1wgYIi4DZBZYnjuWR6/n1hF4pVBpEbB5x7BFIfI13wl4M1yCWKCUEw70SsTEgYBudy5yqAiVwqYPPiysbrwi9EEY/GM/KIYknNKNT1yo7vJ4gKaLmzIIuNIHO6uQJGq7gW8ejg8AOlOIyIFxpSJvUEsTC1fZsixlIvKSJ38XkQZalqSzfRNdDONs0Ux22WYcrLMLWJ75nyWhogXkKIiJQLxGHRvdU3knUpY7iy+IiSbRNDYqoz/q3dmV9Y8bu2JzAPJez1HcCd6ZNgDt2ywYfk/H1FvM1b9kfHq8E6O+VqxAJc/p1At1cx3pQlrJc0+FIY+2TZhQRe7 root@ubuntu-xenial
-----END SSH HOST KEY KEYS-----
[   30.540333] cloud-init[1661]: Cloud-init v. 21.1-19-gbad84ad4-0ubuntu1~16.04.2 running 'modules:final' at Mon, 05 Jun 2023 13:48:32 +0000. Up 30.27 seconds.
[   30.551216] cloud-init[1661]: ci-info: no authorized SSH keys fingerprints found for user ubuntu.
[   30.559112] cloud-init[1661]: Cloud-init v. 21.1-19-gbad84ad4-0ubuntu1~16.04.2 finished at Mon, 05 Jun 2023 13:48:32 +0000. Datasource DataSourceNoCloud [seed=/dev/sdb][dsmode=net].  Up 30.49 seconds
